<?xml version="1.0" encoding="UTF-8"?>
<testsuite xmlns:xsi="http://www.w3.org/2001/XMLSchema-instance" xsi:noNamespaceSchemaLocation="https://maven.apache.org/surefire/maven-surefire-plugin/xsd/surefire-test-report.xsd" version="3.0.2" name="edu.comillas.icai.gitt.pat.spring.grupo5.DisponibilidadIntegrationTest" time="8.569" tests="9" errors="0" skipped="0" failures="0">
  <properties>
[...]
</properties>
  <testcase name="testCrearDisponibilidadAutomaticamente" classname="edu.comillas.icai.gitt.pat.spring.grupo5.DisponibilidadIntegrationTest" time="0.768">
    <system-out><![CDATA[18:16:30.130 [main] INFO org.springframework.test.context.support.AnnotationConfigContextLoaderUtils -- Could not detect default configuration classes for test class [edu.comillas.icai.gitt.pat.spring.grupo5.DisponibilidadIntegrationTest]: DisponibilidadIntegrationTest does not declare any static, non-private, non-final, nested classes annotated with @Configuration.
18:16:30.421 [main] INFO org.springframework.boot.test.context.SpringBootTestContextBootstrapper -- Found @SpringBootConfiguration edu.comillas.icai.gitt.pat.spring.grupo5.Grupo5Application for test class edu.comillas.icai.gitt.pat.spring.grupo5.DisponibilidadIntegrationTest

  .   ____          _            __ _ _
 /\\ / ___'_ __ _ _(_)_ __  __ _ \ \ \ \
( ( )\___ | '_ | '_| | '_ \/ _` | \ \ \ \
 \\/  ___)| |_)| | | | | || (_| |  ) ) ) )
  '  |____| .__|_| |_|_| |_\__, | / / / /
 =========|_|==============|___/=/_/_/_/

 :: Spring Boot ::                (v3.5.0)

2026-03-16T18:16:31.093+01:00  INFO 21928 --- [grupo5] [           main] .i.g.p.s.g.DisponibilidadIntegrationTest : Starting DisponibilidadIntegrationTest using Java 23.0.1 with PID 21928 (started by Yago in C:\Users\Yago\Downloads\g5-project-main\grupo5)
2026-03-16T18:16:31.094+01:00  INFO 21928 --- [grupo5] [           main] .i.g.p.s.g.DisponibilidadIntegrationTest : No active profile set, falling back to 1 default profile: "default"
2026-03-16T18:16:32.151+01:00  INFO 21928 --- [grupo5] [           main] .s.d.r.c.RepositoryConfigurationDelegate : Bootstrapping Spring Data JPA repositories in DEFAULT mode.
2026-03-16T18:16:32.222+01:00  INFO 21928 --- [grupo5] [           main] .s.d.r.c.RepositoryConfigurationDelegate : Finished Spring Data repository scanning in 57 ms. Found 1 JPA repository interface.
2026-03-16T18:16:33.168+01:00  INFO 21928 --- [grupo5] [           main] o.hibernate.jpa.internal.util.LogHelper  : HHH000204: Processing PersistenceUnitInfo [name: default]
2026-03-16T18:16:33.256+01:00  INFO 21928 --- [grupo5] [           main] org.hibernate.Version                    : HHH000412: Hibernate ORM core version 6.6.15.Final
2026-03-16T18:16:33.318+01:00  INFO 21928 --- [grupo5] [           main] o.h.c.internal.RegionFactoryInitiator    : HHH000026: Second-level cache disabled
2026-03-16T18:16:33.817+01:00  INFO 21928 --- [grupo5] [           main] o.s.o.j.p.SpringPersistenceUnitInfo      : No LoadTimeWeaver setup: ignoring JPA class transformer
2026-03-16T18:16:33.854+01:00  INFO 21928 --- [grupo5] [           main] com.zaxxer.hikari.HikariDataSource       : HikariPool-1 - Starting...
2026-03-16T18:16:34.100+01:00  INFO 21928 --- [grupo5] [           main] com.zaxxer.hikari.pool.HikariPool        : HikariPool-1 - Added connection conn0: url=jdbc:h2:mem:testdb user=SA
2026-03-16T18:16:34.104+01:00  INFO 21928 --- [grupo5] [           main] com.zaxxer.hikari.HikariDataSource       : HikariPool-1 - Start completed.
2026-03-16T18:16:34.171+01:00  WARN 21928 --- [grupo5] [           main] org.hibernate.orm.deprecation            : HHH90000025: H2Dialect does not need to be specified explicitly using 'hibernate.dialect' (remove the property setting and it will be selected by default)
2026-03-16T18:16:34.207+01:00  INFO 21928 --- [grupo5] [           main] org.hibernate.orm.connections.pooling    : HHH10001005: Database info:
	Database JDBC URL [Connecting through datasource 'HikariDataSource (HikariPool-1)']
	Database driver: undefined/unknown
	Database version: 2.3.232
	Autocommit mode: undefined/unknown
	Isolation level: undefined/unknown
	Minimum pool size: undefined/unknown
	Maximum pool size: undefined/unknown
2026-03-16T18:16:35.202+01:00  INFO 21928 --- [grupo5] [           main] o.h.e.t.j.p.i.JtaPlatformInitiator       : HHH000489: No JTA platform available (set 'hibernate.transaction.jta.platform' to enable JTA platform integration)
2026-03-16T18:16:35.275+01:00  INFO 21928 --- [grupo5] [           main] j.LocalContainerEntityManagerFactoryBean : Initialized JPA EntityManagerFactory for persistence unit 'default'
2026-03-16T18:16:35.961+01:00  WARN 21928 --- [grupo5] [           main] JpaBaseConfiguration$JpaWebConfiguration : spring.jpa.open-in-view is enabled by default. Therefore, database queries may be performed during view rendering. Explicitly configure spring.jpa.open-in-view to disable this warning
2026-03-16T18:16:36.391+01:00  WARN 21928 --- [grupo5] [           main] o.s.security.core.userdetails.User       : User.withDefaultPasswordEncoder() is considered unsafe for production and is only intended for sample applications.
2026-03-16T18:16:36.549+01:00  WARN 21928 --- [grupo5] [           main] o.s.security.core.userdetails.User       : User.withDefaultPasswordEncoder() is considered unsafe for production and is only intended for sample applications.
2026-03-16T18:16:36.663+01:00  INFO 21928 --- [grupo5] [           main] r$InitializeUserDetailsManagerConfigurer : Global AuthenticationManager configured with UserDetailsService bean with name usuarios
2026-03-16T18:16:37.153+01:00  WARN 21928 --- [grupo5] [           main] ion$DefaultTemplateResolverConfiguration : Cannot find template location: classpath:/templates/ (please add some templates, check your Thymeleaf configuration, or set spring.thymeleaf.check-template-location=false)
2026-03-16T18:16:37.226+01:00  INFO 21928 --- [grupo5] [           main] o.s.b.a.h2.H2ConsoleAutoConfiguration    : H2 console available at '/h2-console'. Database available at 'jdbc:h2:mem:testdb'
2026-03-16T18:16:37.348+01:00  INFO 21928 --- [grupo5] [           main] o.s.b.t.m.w.SpringBootMockServletContext : Initializing Spring TestDispatcherServlet ''
2026-03-16T18:16:37.349+01:00  INFO 21928 --- [grupo5] [           main] o.s.t.web.servlet.TestDispatcherServlet  : Initializing Servlet ''
2026-03-16T18:16:37.351+01:00  INFO 21928 --- [grupo5] [           main] o.s.t.web.servlet.TestDispatcherServlet  : Completed initialization in 2 ms
2026-03-16T18:16:37.381+01:00  INFO 21928 --- [grupo5] [           main] .i.g.p.s.g.DisponibilidadIntegrationTest : Started DisponibilidadIntegrationTest in 6.786 seconds (process running for 8.367)
]]></system-out>
    <system-err><![CDATA[Mockito is currently self-attaching to enable the inline-mock-maker. This will no longer work in future releases of the JDK. Please add Mockito as an agent to your build as described in Mockito's documentation: https://javadoc.io/doc/org.mockito/mockito-core/latest/org.mockito/org/mockito/Mockito.html#0.3
WARNING: A Java agent has been loaded dynamically (C:\Users\Yago\.m2\repository\net\bytebuddy\byte-buddy-agent\1.17.5\byte-buddy-agent-1.17.5.jar)
WARNING: If a serviceability tool is in use, please run with -XX:+EnableDynamicAgentLoading to hide this warning
WARNING: If a serviceability tool is not in use, please run with -Djdk.instrument.traceUsage for more information
WARNING: Dynamic loading of agents will be disallowed by default in a future release
]]></system-err>
  </testcase>
  <testcase name="testActualizarDisponibilidad" classname="edu.comillas.icai.gitt.pat.spring.grupo5.DisponibilidadIntegrationTest" time="0.047"/>
  <testcase name="testGuardarYRecuperarDisponibilidad" classname="edu.comillas.icai.gitt.pat.spring.grupo5.DisponibilidadIntegrationTest" time="0.008"/>
  <testcase name="testEndpointCourtAvailabilityConPersistencia" classname="edu.comillas.icai.gitt.pat.spring.grupo5.DisponibilidadIntegrationTest" time="0.144"/>
  <testcase name="testBuscarPorRangoFechas" classname="edu.comillas.icai.gitt.pat.spring.grupo5.DisponibilidadIntegrationTest" time="0.022"/>
  <testcase name="testMultiplesPistasDiferenteDisponibilidad" classname="edu.comillas.icai.gitt.pat.spring.grupo5.DisponibilidadIntegrationTest" time="0.015"/>
  <testcase name="testEndpointAvailabilityConPersistencia" classname="edu.comillas.icai.gitt.pat.spring.grupo5.DisponibilidadIntegrationTest" time="0.034"/>
  <testcase name="testConsultarDisponibilidadServicio" classname="edu.comillas.icai.gitt.pat.spring.grupo5.DisponibilidadIntegrationTest" time="0.01"/>
  <testcase name="testBuscarPorFechaYCourtId" classname="edu.comillas.icai.gitt.pat.spring.grupo5.DisponibilidadIntegrationTest" time="0.008"/>
</testsuite>